2025-07-05 17:40:51 better error handling
2025-11-25 05:39:45 fix typo in docs
2025-03-18 00:22:10 upgrade dependencies
2025-07-23 13:08:05 update linter rules
2025-09-10 12:02:04 update gitignore
2025-01-08 06:30:57 initial commit
2025-01-19 23:54:28 restructure modules
2025-03-29 03:54:12 update schema migration
2025-05-18 09:31:14 add example file
2025-09-25 10:27:56 security patch
2025-02-11 20:40:17 update docs with examples
2025-08-21 03:14:05 update gitignore
2025-09-10 06:31:03 security patch
2025-06-09 10:02:29 update documentation
2025-05-02 15:09:56 adjust error messages
2025-11-15 05:36:42 improve caching
2025-04-26 00:23:33 update constants
2025-09-22 12:19:37 update schema migration
2025-07-23 03:49:39 fix warnings
2025-12-23 18:58:13 simplify logic
2025-01-29 08:18:40 experimental changes
